<?xml version="1.0" encoding="UTF-8"?>
<!-- Generated by org.testng.reporters.JUnitReportReporter -->
<testsuite hostname="Archna" failures="0" tests="1" name="seleniumflipkart.FlipkartTestPage" time="15.100" errors="0" timestamp="2021-04-02T09:20:30 IST" skipped="0">
  <testcase classname="seleniumflipkart.FlipkartTestPage" name="getPriceModulenameReviewOfIphone" time="15.100"/>
  <system-out/>
</testsuite> <!-- seleniumflipkart.FlipkartTestPage -->
